<?xml version="1.0" encoding="UTF-8"?>
<testng-results ignored="0" total="1" passed="1" failed="0" skipped="0">
  <reporter-output>
  </reporter-output>
  <suite started-at="2023-06-06T10:34:49Z" name="FREE CRM Application Test Automation Test Suite" finished-at="2023-06-06T10:34:59Z" duration-ms="9716">
    <groups>
    </groups>
    <test started-at="2023-06-06T10:34:49Z" name="Free CRM App Test Cases" finished-at="2023-06-06T10:34:59Z" duration-ms="9716">
      <class name="com.qa.testpages.testdriver">
        <test-method is-config="true" signature="Launch()[pri:0, instance:com.qa.testpages.testdriver@79d8407f]" started-at="2023-06-06T16:04:49Z" name="Launch" finished-at="2023-06-06T16:04:53Z" duration-ms="4275" status="PASS">
          <reporter-output>
          </reporter-output>
        </test-method> <!-- Launch -->
        <test-method signature="testone()[pri:1, instance:com.qa.testpages.testdriver@79d8407f]" started-at="2023-06-06T16:04:53Z" name="testone" finished-at="2023-06-06T16:04:59Z" duration-ms="5423" status="PASS">
          <reporter-output>
          </reporter-output>
        </test-method> <!-- testone -->
      </class> <!-- com.qa.testpages.testdriver -->
    </test> <!-- Free CRM App Test Cases -->
  </suite> <!-- FREE CRM Application Test Automation Test Suite -->
</testng-results>
